
## ---------------------- ##
## Running config.status. ##
## ---------------------- ##

This file was extended by ntp config.status 4.2.8p15, which was
generated by GNU Autoconf 2.69.  Invocation command line was

  CONFIG_FILES    = 
  CONFIG_HEADERS  = 
  CONFIG_LINKS    = 
  CONFIG_COMMANDS = 
  $ ../config.status --file=ntp.conf.5+:./ntp.conf.man.in

on linux

config.status:1649: creating ntp.conf.5+

## ---------------------- ##
## Running config.status. ##
## ---------------------- ##

This file was extended by ntp config.status 4.2.8p15, which was
generated by GNU Autoconf 2.69.  Invocation command line was

  CONFIG_FILES    = 
  CONFIG_HEADERS  = 
  CONFIG_LINKS    = 
  CONFIG_COMMANDS = 
  $ ../config.status --file=ntp.keys.5+:./ntp.keys.man.in

on linux

config.status:1649: creating ntp.keys.5+

## ---------------------- ##
## Running config.status. ##
## ---------------------- ##

This file was extended by ntp config.status 4.2.8p15, which was
generated by GNU Autoconf 2.69.  Invocation command line was

  CONFIG_FILES    = 
  CONFIG_HEADERS  = 
  CONFIG_LINKS    = 
  CONFIG_COMMANDS = 
  $ ../config.status --file=ntpd.1+:./ntpd.man.in

on linux

config.status:1649: creating ntpd.1+


## ---------------------- ##
## Running config.status. ##
## ---------------------- ##
## ---------------------- ##
## Running config.status. ##
## ---------------------- ##

This file was extended by ntp config.status 4.2.8p15, which was
generated by GNU Autoconf 2.69.  Invocation command line was

  CONFIG_FILES    = 
  CONFIG_HEADERS  = 
  CONFIG_LINKS    = 
  CONFIG_COMMANDS = 
  $ ../config.status --file=ntp.conf.5+:./ntp.conf.man.in

on linux


This file was extended by ntp config.status 4.2.8p15, which was
generated by GNU Autoconf 2.69.  Invocation command line was

  CONFIG_FILES    = 
  CONFIG_HEADERS  = 
  CONFIG_LINKS    = 
  CONFIG_COMMANDS = 
  $ ../config.status --file=ntpd.1+:./ntpd.man.in

on linux


## ---------------------- ##
## Running config.status. ##
## ---------------------- ##

This file was extended by ntp config.status 4.2.8p15, which was
generated by GNU Autoconf 2.69.  Invocation command line was

  CONFIG_FILES    = 
  CONFIG_HEADERS  = 
  CONFIG_LINKS    = 
  CONFIG_COMMANDS = 
  $ ../config.status --file=ntp.keys.5+:./ntp.keys.man.in

on linux

config.status:1649: creating ntpd.1+
config.status:1649: creating ntp.conf.5+
config.status:1649: creating ntp.keys.5+
